2025-04-17 14:08:54,675 [INFO] local.sync: Total number of components on the production database: 240
2025-04-17 14:08:54,675 [INFO] local.sync: Total number of components on the local database: 240
2025-04-17 14:08:54,675 [INFO] local.sync: Deleting locally unique components...
2025-04-17 14:08:54,682 [INFO] local.sync: New total number of components on the local database: 240
2025-04-17 14:08:54,682 [INFO] local.sync: Total components deleted: 0
2025-04-17 14:08:54,682 [INFO] local.sync: Local components deleted successfully.
2025-04-17 14:08:54,682 [INFO] local.sync: Creating components unique to production database on local database...
2025-04-17 14:08:54,682 [INFO] local.sync: No components to create locally.
2025-04-17 14:08:54,682 [INFO] local.sync: Updating local components test results...
2025-04-17 14:08:55,312 [INFO] local.sync: No new tests to upload for this component.
2025-04-17 14:08:55,839 [INFO] local.sync: No new tests to upload for this component.
2025-04-17 14:08:56,398 [INFO] local.sync: No new tests to upload for this component.
2025-04-17 14:08:56,956 [INFO] local.sync: No new tests to upload for this component.
2025-04-17 14:08:57,508 [INFO] local.sync: No new tests to upload for this component.
2025-04-17 14:08:58,042 [INFO] local.sync: No new tests to upload for this component.
2025-04-17 14:08:58,605 [INFO] local.sync: No new tests to upload for this component.
2025-04-17 14:08:59,156 [INFO] local.sync: No new tests to upload for this component.
2025-04-17 14:08:59,709 [INFO] local.sync: No new tests to upload for this component.
2025-04-17 14:09:00,296 [INFO] local.sync: No new tests to upload for this component.
2025-04-17 14:09:00,839 [INFO] local.sync: No new tests to upload for this component.
2025-04-17 14:09:01,387 [INFO] local.sync: No new tests to upload for this component.
2025-04-17 14:09:01,936 [INFO] local.sync: No new tests to upload for this component.
2025-04-17 14:09:02,488 [INFO] local.sync: No new tests to upload for this component.
2025-04-17 14:09:03,233 [INFO] local.sync: No new tests to upload for this component.
2025-04-17 14:09:04,505 [INFO] local.sync: No new tests to upload for this component.
2025-04-17 14:09:06,076 [INFO] local.sync: No new tests to upload for this component.
2025-04-17 14:09:06,646 [INFO] local.sync: No new tests to upload for this component.
2025-04-17 14:09:07,198 [INFO] local.sync: No new tests to upload for this component.
2025-04-17 14:09:07,819 [INFO] local.sync: No new tests to upload for this component.
2025-04-17 14:09:08,360 [INFO] local.sync: No new tests to upload for this component.
2025-04-17 14:09:08,908 [INFO] local.sync: No new tests to upload for this component.
2025-04-17 14:09:09,472 [INFO] local.sync: No new tests to upload for this component.
2025-04-17 14:09:10,014 [INFO] local.sync: No new tests to upload for this component.
2025-04-17 14:09:10,562 [INFO] local.sync: No new tests to upload for this component.
2025-04-17 14:09:11,111 [INFO] local.sync: No new tests to upload for this component.
2025-04-17 14:09:11,689 [INFO] local.sync: No new tests to upload for this component.
2025-04-17 14:09:12,243 [INFO] local.sync: No new tests to upload for this component.
2025-04-17 14:09:12,801 [INFO] local.sync: No new tests to upload for this component.
2025-04-17 14:09:13,351 [INFO] local.sync: No new tests to upload for this component.
2025-04-17 14:09:13,917 [INFO] local.sync: No new tests to upload for this component.
2025-04-17 14:09:14,533 [INFO] local.sync: No new tests to upload for this component.
2025-04-17 14:09:15,064 [INFO] local.sync: No new tests to upload for this component.
2025-04-17 14:09:15,642 [INFO] local.sync: No new tests to upload for this component.
2025-04-17 14:09:16,187 [INFO] local.sync: No new tests to upload for this component.
2025-04-17 14:09:16,716 [INFO] local.sync: No new tests to upload for this component.
2025-04-17 14:09:17,587 [INFO] local.sync: No new tests to upload for this component.
2025-04-17 14:09:18,171 [INFO] local.sync: No new tests to upload for this component.
2025-04-17 14:09:18,816 [INFO] local.sync: No new tests to upload for this component.
2025-04-17 14:09:19,522 [INFO] local.sync: No new tests to upload for this component.
2025-04-17 14:09:20,115 [INFO] local.sync: No new tests to upload for this component.
2025-04-17 14:09:20,937 [INFO] local.sync: No new tests to upload for this component.
2025-04-17 14:09:21,677 [INFO] local.sync: No new tests to upload for this component.
2025-04-17 14:09:22,309 [INFO] local.sync: No new tests to upload for this component.
2025-04-17 14:09:22,869 [INFO] local.sync: No new tests to upload for this component.
2025-04-17 14:09:23,484 [INFO] local.sync: No new tests to upload for this component.
2025-04-17 14:09:24,115 [INFO] local.sync: No new tests to upload for this component.
2025-04-17 14:09:24,657 [INFO] local.sync: No new tests to upload for this component.
2025-04-17 14:09:25,197 [INFO] local.sync: No new tests to upload for this component.
2025-04-17 14:09:25,756 [INFO] local.sync: No new tests to upload for this component.
2025-04-17 14:09:26,353 [INFO] local.sync: No new tests to upload for this component.
2025-04-17 14:09:26,923 [INFO] local.sync: Remaining test codes: ['CONNECTIVITY', 'SIGNAL_INTEGRITY']
2025-04-17 14:09:27,095 [INFO] local.sync: Skipping test code VISUAL_INSPECTION with run number 1 for component 20UPIPG1400001 as it has been previously recorded.
2025-04-17 14:09:27,275 [INFO] local.sync: updated component test CONNECTIVITY with run number 1 for component 20UPIPG1400001
2025-04-17 14:09:27,577 [INFO] local.sync: updated component test SIGNAL_INTEGRITY with run number 1 for component 20UPIPG1400001
2025-04-17 14:09:27,577 [INFO] local.sync: Updated component: 20UPIPG1400001
2025-04-17 14:09:28,173 [INFO] local.sync: Remaining test codes: ['VISUAL_INSPECTION', 'CONNECTIVITY', 'SIGNAL_INTEGRITY']
2025-04-17 14:09:28,528 [INFO] local.sync: updated component test VISUAL_INSPECTION with run number 1 for component 20UPIPG1400002
2025-04-17 14:09:28,830 [INFO] local.sync: updated component test CONNECTIVITY with run number 1 for component 20UPIPG1400002
2025-04-17 14:09:29,053 [INFO] local.sync: updated component test SIGNAL_INTEGRITY with run number 1 for component 20UPIPG1400002
2025-04-17 14:09:29,053 [INFO] local.sync: Updated component: 20UPIPG1400002
2025-04-17 14:09:29,663 [INFO] local.sync: Remaining test codes: ['VISUAL_INSPECTION', 'CONNECTIVITY', 'SIGNAL_INTEGRITY']
2025-04-17 14:09:29,847 [INFO] local.sync: updated component test VISUAL_INSPECTION with run number 1 for component 20UPIPG1400003
2025-04-17 14:09:29,856 [INFO] local.sync: updated component test VISUAL_INSPECTION with run number 1 for component 20UPIPG1400003
2025-04-17 14:09:30,035 [INFO] local.sync: updated component test CONNECTIVITY with run number 1 for component 20UPIPG1400003
2025-04-17 14:09:30,215 [INFO] local.sync: updated component test SIGNAL_INTEGRITY with run number 1 for component 20UPIPG1400003
2025-04-17 14:09:30,215 [INFO] local.sync: Updated component: 20UPIPG1400003
2025-04-17 14:09:30,768 [INFO] local.sync: Remaining test codes: ['VISUAL_INSPECTION', 'CONNECTIVITY', 'SIGNAL_INTEGRITY']
2025-04-17 14:09:30,946 [INFO] local.sync: updated component test VISUAL_INSPECTION with run number 1 for component 20UPIPG1400004
2025-04-17 14:09:31,121 [INFO] local.sync: updated component test CONNECTIVITY with run number 1 for component 20UPIPG1400004
2025-04-17 14:09:31,297 [INFO] local.sync: updated component test SIGNAL_INTEGRITY with run number 1 for component 20UPIPG1400004
2025-04-17 14:09:31,297 [INFO] local.sync: Updated component: 20UPIPG1400004
2025-04-17 14:09:31,846 [INFO] local.sync: Remaining test codes: ['VISUAL_INSPECTION', 'CONNECTIVITY', 'SIGNAL_INTEGRITY']
2025-04-17 14:09:32,027 [INFO] local.sync: updated component test VISUAL_INSPECTION with run number 1 for component 20UPIPG1400005
2025-04-17 14:09:32,208 [INFO] local.sync: updated component test CONNECTIVITY with run number 1 for component 20UPIPG1400005
2025-04-17 14:09:32,381 [INFO] local.sync: updated component test SIGNAL_INTEGRITY with run number 1 for component 20UPIPG1400005
2025-04-17 14:09:32,381 [INFO] local.sync: Updated component: 20UPIPG1400005
2025-04-17 14:09:32,958 [INFO] local.sync: Remaining test codes: ['VISUAL_INSPECTION', 'CONNECTIVITY', 'SIGNAL_INTEGRITY']
2025-04-17 14:09:34,438 [INFO] local.sync: updated component test VISUAL_INSPECTION with run number 1 for component 20UPIPG1400006
2025-04-17 14:09:35,986 [INFO] local.sync: updated component test CONNECTIVITY with run number 1 for component 20UPIPG1400006
2025-04-17 14:09:36,214 [INFO] local.sync: updated component test SIGNAL_INTEGRITY with run number 1 for component 20UPIPG1400006
2025-04-17 14:09:36,214 [INFO] local.sync: Updated component: 20UPIPG1400006
2025-04-17 14:09:36,802 [INFO] local.sync: Remaining test codes: ['VISUAL_INSPECTION', 'CONNECTIVITY', 'SIGNAL_INTEGRITY']
2025-04-17 14:09:36,979 [INFO] local.sync: updated component test VISUAL_INSPECTION with run number 1 for component 20UPIPG1400007
2025-04-17 14:09:37,157 [INFO] local.sync: updated component test CONNECTIVITY with run number 1 for component 20UPIPG1400007
2025-04-17 14:09:37,333 [INFO] local.sync: updated component test SIGNAL_INTEGRITY with run number 1 for component 20UPIPG1400007
2025-04-17 14:09:37,333 [INFO] local.sync: Updated component: 20UPIPG1400007
2025-04-17 14:09:37,913 [INFO] local.sync: Remaining test codes: ['VISUAL_INSPECTION', 'CONNECTIVITY', 'SIGNAL_INTEGRITY']
2025-04-17 14:09:38,097 [INFO] local.sync: updated component test VISUAL_INSPECTION with run number 1 for component 20UPIPG1400008
2025-04-17 14:09:38,282 [INFO] local.sync: updated component test CONNECTIVITY with run number 1 for component 20UPIPG1400008
2025-04-17 14:09:38,466 [INFO] local.sync: updated component test SIGNAL_INTEGRITY with run number 1 for component 20UPIPG1400008
2025-04-17 14:09:38,466 [INFO] local.sync: Updated component: 20UPIPG1400008
2025-04-17 14:09:39,074 [INFO] local.sync: Remaining test codes: ['VISUAL_INSPECTION', 'CONNECTIVITY', 'SIGNAL_INTEGRITY']
2025-04-17 14:09:39,260 [INFO] local.sync: updated component test VISUAL_INSPECTION with run number 1 for component 20UPIPG1400009
2025-04-17 14:09:39,437 [INFO] local.sync: updated component test CONNECTIVITY with run number 1 for component 20UPIPG1400009
2025-04-17 14:09:39,615 [INFO] local.sync: updated component test SIGNAL_INTEGRITY with run number 1 for component 20UPIPG1400009
2025-04-17 14:09:39,615 [INFO] local.sync: Updated component: 20UPIPG1400009
2025-04-17 14:09:40,186 [INFO] local.sync: Remaining test codes: ['VISUAL_INSPECTION']
2025-04-17 14:09:40,366 [INFO] local.sync: updated component test VISUAL_INSPECTION with run number 1 for component 20UPIPG1400010
2025-04-17 14:09:40,366 [INFO] local.sync: Updated component: 20UPIPG1400010
2025-04-17 14:09:40,907 [INFO] local.sync: Remaining test codes: ['VISUAL_INSPECTION', 'CONNECTIVITY', 'SIGNAL_INTEGRITY']
2025-04-17 14:09:41,085 [INFO] local.sync: updated component test VISUAL_INSPECTION with run number 1 for component 20UPIPG1400011
2025-04-17 14:09:41,264 [INFO] local.sync: updated component test CONNECTIVITY with run number 1 for component 20UPIPG1400011
2025-04-17 14:09:41,437 [INFO] local.sync: updated component test SIGNAL_INTEGRITY with run number 1 for component 20UPIPG1400011
2025-04-17 14:09:41,437 [INFO] local.sync: Updated component: 20UPIPG1400011
2025-04-17 14:09:41,994 [INFO] local.sync: Remaining test codes: ['VISUAL_INSPECTION', 'CONNECTIVITY']
2025-04-17 14:09:42,174 [INFO] local.sync: updated component test VISUAL_INSPECTION with run number 1 for component 20UPIPP1520001
2025-04-17 14:09:42,180 [INFO] local.sync: updated component test VISUAL_INSPECTION with run number 1 for component 20UPIPP1520001
2025-04-17 14:09:42,353 [INFO] local.sync: updated component test CONNECTIVITY with run number 1 for component 20UPIPP1520001
2025-04-17 14:09:42,353 [INFO] local.sync: Updated component: 20UPIPP1520001
2025-04-17 14:09:42,949 [INFO] local.sync: Remaining test codes: ['VISUAL_INSPECTION', 'CONNECTIVITY']
2025-04-17 14:09:43,126 [INFO] local.sync: updated component test VISUAL_INSPECTION with run number 1 for component 20UPIPP1520002
2025-04-17 14:09:43,318 [INFO] local.sync: updated component test CONNECTIVITY with run number 1 for component 20UPIPP1520002
2025-04-17 14:09:43,318 [INFO] local.sync: Updated component: 20UPIPP1520002
2025-04-17 14:09:43,896 [INFO] local.sync: Remaining test codes: ['VISUAL_INSPECTION', 'CONNECTIVITY']
2025-04-17 14:09:44,075 [INFO] local.sync: updated component test VISUAL_INSPECTION with run number 1 for component 20UPIPG1210001
2025-04-17 14:09:44,249 [INFO] local.sync: updated component test CONNECTIVITY with run number 1 for component 20UPIPG1210001
2025-04-17 14:09:44,250 [INFO] local.sync: Updated component: 20UPIPG1210001
2025-04-17 14:09:44,816 [INFO] local.sync: Remaining test codes: ['VISUAL_INSPECTION', 'CONNECTIVITY']
2025-04-17 14:09:45,001 [INFO] local.sync: updated component test VISUAL_INSPECTION with run number 1 for component 20UPIPG1210002
2025-04-17 14:09:45,175 [INFO] local.sync: updated component test CONNECTIVITY with run number 1 for component 20UPIPG1210002
2025-04-17 14:09:45,175 [INFO] local.sync: Updated component: 20UPIPG1210002
2025-04-17 14:09:45,737 [INFO] local.sync: Remaining test codes: ['VISUAL_INSPECTION', 'CONNECTIVITY']
2025-04-17 14:09:45,913 [INFO] local.sync: updated component test VISUAL_INSPECTION with run number 1 for component 20UPIPG1210003
2025-04-17 14:09:46,089 [INFO] local.sync: updated component test CONNECTIVITY with run number 1 for component 20UPIPG1210003
2025-04-17 14:09:46,089 [INFO] local.sync: Updated component: 20UPIPG1210003
2025-04-17 14:09:46,644 [INFO] local.sync: Remaining test codes: ['VISUAL_INSPECTION', 'CONNECTIVITY']
2025-04-17 14:09:46,821 [INFO] local.sync: updated component test VISUAL_INSPECTION with run number 1 for component 20UPIPG1220001
2025-04-17 14:09:46,999 [INFO] local.sync: updated component test CONNECTIVITY with run number 1 for component 20UPIPG1220001
2025-04-17 14:09:46,999 [INFO] local.sync: Updated component: 20UPIPG1220001
2025-04-17 14:09:47,614 [INFO] local.sync: Remaining test codes: ['VISUAL_INSPECTION', 'CONNECTIVITY']
2025-04-17 14:09:47,792 [INFO] local.sync: updated component test VISUAL_INSPECTION with run number 1 for component 20UPIPG1220002
2025-04-17 14:09:48,839 [INFO] local.sync: updated component test CONNECTIVITY with run number 1 for component 20UPIPG1220002
2025-04-17 14:09:48,839 [INFO] local.sync: Updated component: 20UPIPG1220002
2025-04-17 14:09:49,606 [INFO] local.sync: Remaining test codes: ['VISUAL_INSPECTION', 'CONNECTIVITY']
2025-04-17 14:09:51,208 [INFO] local.sync: updated component test VISUAL_INSPECTION with run number 1 for component 20UPIPG1220003
2025-04-17 14:09:51,397 [INFO] local.sync: updated component test CONNECTIVITY with run number 1 for component 20UPIPG1220003
2025-04-17 14:09:51,397 [INFO] local.sync: Updated component: 20UPIPG1220003
2025-04-17 14:09:51,952 [INFO] local.sync: Remaining test codes: ['VISUAL_INSPECTION', 'CONNECTIVITY']
2025-04-17 14:09:52,128 [INFO] local.sync: updated component test VISUAL_INSPECTION with run number 1 for component 20UPIPG1230001
2025-04-17 14:09:52,309 [INFO] local.sync: updated component test CONNECTIVITY with run number 1 for component 20UPIPG1230001
2025-04-17 14:09:52,309 [INFO] local.sync: Updated component: 20UPIPG1230001
2025-04-17 14:09:52,853 [INFO] local.sync: Remaining test codes: ['VISUAL_INSPECTION', 'CONNECTIVITY']
2025-04-17 14:09:53,029 [INFO] local.sync: updated component test VISUAL_INSPECTION with run number 1 for component 20UPIPG1230002
2025-04-17 14:09:53,203 [INFO] local.sync: updated component test CONNECTIVITY with run number 1 for component 20UPIPG1230002
2025-04-17 14:09:53,203 [INFO] local.sync: Updated component: 20UPIPG1230002
2025-04-17 14:09:53,755 [INFO] local.sync: Remaining test codes: ['VISUAL_INSPECTION', 'CONNECTIVITY']
2025-04-17 14:09:53,943 [INFO] local.sync: updated component test VISUAL_INSPECTION with run number 1 for component 20UPIPG1230003
2025-04-17 14:09:54,117 [INFO] local.sync: updated component test CONNECTIVITY with run number 1 for component 20UPIPG1230003
2025-04-17 14:09:54,118 [INFO] local.sync: Updated component: 20UPIPG1230003
2025-04-17 14:09:54,666 [INFO] local.sync: Remaining test codes: ['VISUAL_INSPECTION']
2025-04-17 14:09:54,854 [INFO] local.sync: updated component test VISUAL_INSPECTION with run number 1 for component 20UPIPG1510001
2025-04-17 14:09:54,854 [INFO] local.sync: Updated component: 20UPIPG1510001
2025-04-17 14:09:55,423 [INFO] local.sync: Remaining test codes: ['VISUAL_INSPECTION']
2025-04-17 14:09:55,599 [INFO] local.sync: updated component test VISUAL_INSPECTION with run number 1 for component 20UPIPG1510002
2025-04-17 14:09:55,603 [INFO] local.sync: updated component test VISUAL_INSPECTION with run number 1 for component 20UPIPG1510002
2025-04-17 14:09:55,608 [INFO] local.sync: updated component test VISUAL_INSPECTION with run number 1 for component 20UPIPG1510002
2025-04-17 14:09:55,615 [INFO] local.sync: updated component test VISUAL_INSPECTION with run number 1 for component 20UPIPG1510002
2025-04-17 14:09:55,621 [INFO] local.sync: updated component test VISUAL_INSPECTION with run number 1 for component 20UPIPG1510002
2025-04-17 14:09:55,628 [INFO] local.sync: updated component test VISUAL_INSPECTION with run number 1 for component 20UPIPG1510002
2025-04-17 14:09:55,633 [INFO] local.sync: updated component test VISUAL_INSPECTION with run number 1 for component 20UPIPG1510002
2025-04-17 14:09:55,642 [INFO] local.sync: updated component test VISUAL_INSPECTION with run number 1 for component 20UPIPG1510002
2025-04-17 14:09:55,650 [INFO] local.sync: updated component test VISUAL_INSPECTION with run number 1 for component 20UPIPG1510002
2025-04-17 14:09:55,657 [INFO] local.sync: updated component test VISUAL_INSPECTION with run number 1 for component 20UPIPG1510002
2025-04-17 14:09:55,663 [INFO] local.sync: updated component test VISUAL_INSPECTION with run number 1 for component 20UPIPG1510002
2025-04-17 14:09:55,671 [INFO] local.sync: updated component test VISUAL_INSPECTION with run number 1 for component 20UPIPG1510002
2025-04-17 14:09:55,677 [INFO] local.sync: updated component test VISUAL_INSPECTION with run number 1 for component 20UPIPG1510002
2025-04-17 14:09:55,677 [INFO] local.sync: Updated component: 20UPIPG1510002
2025-04-17 14:09:56,212 [INFO] local.sync: Remaining test codes: ['VISUAL_INSPECTION']
2025-04-17 14:09:56,387 [INFO] local.sync: updated component test VISUAL_INSPECTION with run number 1 for component 20UPIPG1510003
2025-04-17 14:09:56,387 [INFO] local.sync: Updated component: 20UPIPG1510003
2025-04-17 14:09:56,960 [INFO] local.sync: Remaining test codes: ['VISUAL_INSPECTION']
2025-04-17 14:09:57,135 [INFO] local.sync: updated component test VISUAL_INSPECTION with run number 1 for component 20UPIPG1510004
2025-04-17 14:09:57,139 [INFO] local.sync: updated component test VISUAL_INSPECTION with run number 2 for component 20UPIPG1510004
2025-04-17 14:09:57,143 [INFO] local.sync: updated component test VISUAL_INSPECTION with run number 2 for component 20UPIPG1510004
2025-04-17 14:09:57,143 [INFO] local.sync: Updated component: 20UPIPG1510004
2025-04-17 14:09:57,699 [INFO] local.sync: No new tests to upload for this component.
2025-04-17 14:09:58,237 [INFO] local.sync: Remaining test codes: ['VISUAL_INSPECTION']
2025-04-17 14:09:58,414 [INFO] local.sync: updated component test VISUAL_INSPECTION with run number 1 for component 20UPIPG1510006
2025-04-17 14:09:58,414 [INFO] local.sync: Updated component: 20UPIPG1510006
2025-04-17 14:09:58,940 [INFO] local.sync: No new tests to upload for this component.
2025-04-17 14:09:59,491 [INFO] local.sync: No new tests to upload for this component.
2025-04-17 14:10:00,058 [INFO] local.sync: No new tests to upload for this component.
2025-04-17 14:10:00,720 [INFO] local.sync: No new tests to upload for this component.
2025-04-17 14:10:01,355 [INFO] local.sync: No new tests to upload for this component.
2025-04-17 14:10:01,925 [INFO] local.sync: No new tests to upload for this component.
2025-04-17 14:10:02,520 [INFO] local.sync: No new tests to upload for this component.
2025-04-17 14:10:03,599 [INFO] local.sync: No new tests to upload for this component.
2025-04-17 14:10:04,802 [INFO] local.sync: No new tests to upload for this component.
2025-04-17 14:10:05,839 [INFO] local.sync: No new tests to upload for this component.
2025-04-17 14:10:06,493 [INFO] local.sync: No new tests to upload for this component.
2025-04-17 14:10:07,385 [INFO] local.sync: No new tests to upload for this component.
2025-04-17 14:10:07,920 [INFO] local.sync: No new tests to upload for this component.
2025-04-17 14:10:08,503 [INFO] local.sync: No new tests to upload for this component.
2025-04-17 14:10:09,106 [INFO] local.sync: No new tests to upload for this component.
2025-04-17 14:10:09,666 [INFO] local.sync: No new tests to upload for this component.
2025-04-17 14:10:10,233 [INFO] local.sync: No new tests to upload for this component.
2025-04-17 14:10:10,991 [INFO] local.sync: No new tests to upload for this component.
2025-04-17 14:10:11,545 [INFO] local.sync: No new tests to upload for this component.
2025-04-17 14:10:12,101 [INFO] local.sync: No new tests to upload for this component.
2025-04-17 14:10:12,639 [INFO] local.sync: No new tests to upload for this component.
2025-04-17 14:10:13,171 [INFO] local.sync: No new tests to upload for this component.
2025-04-17 14:10:13,804 [INFO] local.sync: No new tests to upload for this component.
2025-04-17 14:10:14,338 [INFO] local.sync: No new tests to upload for this component.
2025-04-17 14:10:14,907 [INFO] local.sync: Remaining test codes: ['VISUAL_INSPECTION', 'CONNECTIVITY', 'SIGNAL_INTEGRITY']
2025-04-17 14:10:15,094 [INFO] local.sync: updated component test VISUAL_INSPECTION with run number 1 for component 20UPIPG1400012
2025-04-17 14:10:15,269 [INFO] local.sync: updated component test CONNECTIVITY with run number 1 for component 20UPIPG1400012
2025-04-17 14:10:15,529 [INFO] local.sync: updated component test SIGNAL_INTEGRITY with run number 1 for component 20UPIPG1400012
2025-04-17 14:10:15,529 [INFO] local.sync: Updated component: 20UPIPG1400012
2025-04-17 14:10:16,209 [INFO] local.sync: Remaining test codes: ['VISUAL_INSPECTION', 'CONNECTIVITY', 'SIGNAL_INTEGRITY']
2025-04-17 14:10:16,385 [INFO] local.sync: updated component test VISUAL_INSPECTION with run number 1 for component 20UPIPG1400013
2025-04-17 14:10:16,620 [INFO] local.sync: updated component test CONNECTIVITY with run number 1 for component 20UPIPG1400013
2025-04-17 14:10:16,799 [INFO] local.sync: updated component test SIGNAL_INTEGRITY with run number 1 for component 20UPIPG1400013
2025-04-17 14:10:16,799 [INFO] local.sync: Updated component: 20UPIPG1400013
2025-04-17 14:10:18,499 [INFO] local.sync: Remaining test codes: ['VISUAL_INSPECTION', 'CONNECTIVITY', 'SIGNAL_INTEGRITY']
2025-04-17 14:10:19,264 [INFO] local.sync: updated component test VISUAL_INSPECTION with run number 1 for component 20UPIPG1400014
2025-04-17 14:10:20,966 [INFO] local.sync: updated component test CONNECTIVITY with run number 1 for component 20UPIPG1400014
2025-04-17 14:10:21,266 [INFO] local.sync: updated component test SIGNAL_INTEGRITY with run number 1 for component 20UPIPG1400014
2025-04-17 14:10:21,266 [INFO] local.sync: Updated component: 20UPIPG1400014
2025-04-17 14:10:21,842 [INFO] local.sync: Remaining test codes: ['VISUAL_INSPECTION', 'CONNECTIVITY', 'SIGNAL_INTEGRITY']
2025-04-17 14:10:22,019 [INFO] local.sync: updated component test VISUAL_INSPECTION with run number 1 for component 20UPIPG1400015
2025-04-17 14:10:22,191 [INFO] local.sync: updated component test CONNECTIVITY with run number 1 for component 20UPIPG1400015
2025-04-17 14:10:22,380 [INFO] local.sync: updated component test SIGNAL_INTEGRITY with run number 1 for component 20UPIPG1400015
2025-04-17 14:10:22,380 [INFO] local.sync: Updated component: 20UPIPG1400015
2025-04-17 14:10:22,975 [INFO] local.sync: Remaining test codes: ['VISUAL_INSPECTION', 'CONNECTIVITY']
2025-04-17 14:10:23,178 [INFO] local.sync: updated component test VISUAL_INSPECTION with run number 1 for component 20UPIPG1400016
2025-04-17 14:10:23,514 [INFO] local.sync: updated component test CONNECTIVITY with run number 1 for component 20UPIPG1400016
2025-04-17 14:10:23,514 [INFO] local.sync: Updated component: 20UPIPG1400016
2025-04-17 14:10:24,235 [INFO] local.sync: Remaining test codes: ['VISUAL_INSPECTION', 'CONNECTIVITY', 'SIGNAL_INTEGRITY']
2025-04-17 14:10:24,411 [INFO] local.sync: updated component test VISUAL_INSPECTION with run number 1 for component 20UPIPG1400017
2025-04-17 14:10:24,636 [INFO] local.sync: updated component test CONNECTIVITY with run number 1 for component 20UPIPG1400017
2025-04-17 14:10:24,809 [INFO] local.sync: updated component test SIGNAL_INTEGRITY with run number 1 for component 20UPIPG1400017
2025-04-17 14:10:24,809 [INFO] local.sync: Updated component: 20UPIPG1400017
2025-04-17 14:10:25,387 [INFO] local.sync: Remaining test codes: ['VISUAL_INSPECTION', 'CONNECTIVITY', 'SIGNAL_INTEGRITY']
2025-04-17 14:10:25,599 [INFO] local.sync: updated component test VISUAL_INSPECTION with run number 1 for component 20UPIPG1400018
2025-04-17 14:10:25,813 [INFO] local.sync: updated component test CONNECTIVITY with run number 1 for component 20UPIPG1400018
2025-04-17 14:10:25,988 [INFO] local.sync: updated component test SIGNAL_INTEGRITY with run number 1 for component 20UPIPG1400018
2025-04-17 14:10:25,988 [INFO] local.sync: Updated component: 20UPIPG1400018
2025-04-17 14:10:26,551 [INFO] local.sync: Remaining test codes: ['VISUAL_INSPECTION', 'CONNECTIVITY', 'SIGNAL_INTEGRITY']
2025-04-17 14:10:26,727 [INFO] local.sync: updated component test VISUAL_INSPECTION with run number 1 for component 20UPIPG1400019
2025-04-17 14:10:26,904 [INFO] local.sync: updated component test CONNECTIVITY with run number 1 for component 20UPIPG1400019
2025-04-17 14:10:27,086 [INFO] local.sync: updated component test SIGNAL_INTEGRITY with run number 1 for component 20UPIPG1400019
2025-04-17 14:10:27,086 [INFO] local.sync: Updated component: 20UPIPG1400019
2025-04-17 14:10:27,657 [INFO] local.sync: Remaining test codes: ['VISUAL_INSPECTION', 'CONNECTIVITY', 'SIGNAL_INTEGRITY']
2025-04-17 14:10:27,835 [INFO] local.sync: updated component test VISUAL_INSPECTION with run number 1 for component 20UPIPG1400020
2025-04-17 14:10:28,008 [INFO] local.sync: updated component test CONNECTIVITY with run number 1 for component 20UPIPG1400020
2025-04-17 14:10:28,185 [INFO] local.sync: updated component test SIGNAL_INTEGRITY with run number 1 for component 20UPIPG1400020
2025-04-17 14:10:28,185 [INFO] local.sync: Updated component: 20UPIPG1400020
2025-04-17 14:10:28,721 [INFO] local.sync: Remaining test codes: ['VISUAL_INSPECTION']
2025-04-17 14:10:28,893 [INFO] local.sync: updated component test VISUAL_INSPECTION with run number 1 for component 20UPIPG1400021
2025-04-17 14:10:28,893 [INFO] local.sync: Updated component: 20UPIPG1400021
2025-04-17 14:10:29,475 [INFO] local.sync: Remaining test codes: ['VISUAL_INSPECTION', 'CONNECTIVITY', 'SIGNAL_INTEGRITY']
2025-04-17 14:10:29,654 [INFO] local.sync: updated component test VISUAL_INSPECTION with run number 1 for component 20UPIPG1400022
2025-04-17 14:10:29,828 [INFO] local.sync: updated component test CONNECTIVITY with run number 1 for component 20UPIPG1400022
2025-04-17 14:10:30,012 [INFO] local.sync: updated component test SIGNAL_INTEGRITY with run number 1 for component 20UPIPG1400022
2025-04-17 14:10:30,012 [INFO] local.sync: Updated component: 20UPIPG1400022
2025-04-17 14:10:30,556 [INFO] local.sync: Remaining test codes: ['VISUAL_INSPECTION', 'CONNECTIVITY']
2025-04-17 14:10:30,735 [INFO] local.sync: updated component test VISUAL_INSPECTION with run number 1 for component 20UPIPG1210004
2025-04-17 14:10:30,928 [INFO] local.sync: updated component test CONNECTIVITY with run number 1 for component 20UPIPG1210004
2025-04-17 14:10:30,928 [INFO] local.sync: Updated component: 20UPIPG1210004
2025-04-17 14:10:31,491 [INFO] local.sync: Remaining test codes: ['VISUAL_INSPECTION', 'CONNECTIVITY']
2025-04-17 14:10:31,674 [INFO] local.sync: updated component test VISUAL_INSPECTION with run number 1 for component 20UPIPG1210005
2025-04-17 14:10:31,855 [INFO] local.sync: updated component test CONNECTIVITY with run number 1 for component 20UPIPG1210005
2025-04-17 14:10:31,855 [INFO] local.sync: Updated component: 20UPIPG1210005
2025-04-17 14:10:32,480 [INFO] local.sync: Remaining test codes: ['VISUAL_INSPECTION', 'CONNECTIVITY']
2025-04-17 14:10:32,654 [INFO] local.sync: updated component test VISUAL_INSPECTION with run number 1 for component 20UPIPG1210006
2025-04-17 14:10:35,219 [INFO] local.sync: updated component test CONNECTIVITY with run number 1 for component 20UPIPG1210006
2025-04-17 14:10:35,219 [INFO] local.sync: Updated component: 20UPIPG1210006
2025-04-17 14:10:36,286 [INFO] local.sync: Remaining test codes: ['VISUAL_INSPECTION', 'CONNECTIVITY']
2025-04-17 14:10:36,489 [INFO] local.sync: updated component test VISUAL_INSPECTION with run number 1 for component 20UPIPG1220004
2025-04-17 14:10:36,670 [INFO] local.sync: updated component test CONNECTIVITY with run number 1 for component 20UPIPG1220004
2025-04-17 14:10:36,670 [INFO] local.sync: Updated component: 20UPIPG1220004
2025-04-17 14:10:37,219 [INFO] local.sync: Remaining test codes: ['VISUAL_INSPECTION', 'CONNECTIVITY']
2025-04-17 14:10:37,396 [INFO] local.sync: updated component test VISUAL_INSPECTION with run number 1 for component 20UPIPG1220005
2025-04-17 14:10:37,573 [INFO] local.sync: updated component test CONNECTIVITY with run number 1 for component 20UPIPG1220005
2025-04-17 14:10:37,573 [INFO] local.sync: Updated component: 20UPIPG1220005
2025-04-17 14:10:38,148 [INFO] local.sync: Remaining test codes: ['VISUAL_INSPECTION', 'CONNECTIVITY']
2025-04-17 14:10:38,331 [INFO] local.sync: updated component test VISUAL_INSPECTION with run number 1 for component 20UPIPG1220006
2025-04-17 14:10:38,504 [INFO] local.sync: updated component test CONNECTIVITY with run number 1 for component 20UPIPG1220006
2025-04-17 14:10:38,504 [INFO] local.sync: Updated component: 20UPIPG1220006
2025-04-17 14:10:39,061 [INFO] local.sync: Remaining test codes: ['VISUAL_INSPECTION', 'CONNECTIVITY']
2025-04-17 14:10:39,237 [INFO] local.sync: updated component test VISUAL_INSPECTION with run number 1 for component 20UPIPG1230004
2025-04-17 14:10:39,413 [INFO] local.sync: updated component test CONNECTIVITY with run number 1 for component 20UPIPG1230004
2025-04-17 14:10:39,413 [INFO] local.sync: Updated component: 20UPIPG1230004
2025-04-17 14:10:40,011 [INFO] local.sync: Remaining test codes: ['VISUAL_INSPECTION', 'CONNECTIVITY']
2025-04-17 14:10:40,189 [INFO] local.sync: updated component test VISUAL_INSPECTION with run number 1 for component 20UPIPG1230005
2025-04-17 14:10:40,365 [INFO] local.sync: updated component test CONNECTIVITY with run number 1 for component 20UPIPG1230005
2025-04-17 14:10:40,365 [INFO] local.sync: Updated component: 20UPIPG1230005
2025-04-17 14:10:40,913 [INFO] local.sync: Remaining test codes: ['VISUAL_INSPECTION', 'CONNECTIVITY']
2025-04-17 14:10:41,091 [INFO] local.sync: updated component test VISUAL_INSPECTION with run number 1 for component 20UPIPG1230006
2025-04-17 14:10:41,269 [INFO] local.sync: updated component test CONNECTIVITY with run number 1 for component 20UPIPG1230006
2025-04-17 14:10:41,269 [INFO] local.sync: Updated component: 20UPIPG1230006
2025-04-17 14:10:41,851 [INFO] local.sync: Remaining test codes: ['VISUAL_INSPECTION', 'CONNECTIVITY']
2025-04-17 14:10:42,039 [INFO] local.sync: updated component test VISUAL_INSPECTION with run number 1 for component 20UPIPP1510003
2025-04-17 14:10:42,214 [INFO] local.sync: updated component test CONNECTIVITY with run number 1 for component 20UPIPP1510003
2025-04-17 14:10:42,214 [INFO] local.sync: Updated component: 20UPIPP1510003
2025-04-17 14:10:42,772 [INFO] local.sync: Remaining test codes: ['VISUAL_INSPECTION', 'CONNECTIVITY']
2025-04-17 14:10:42,945 [INFO] local.sync: updated component test VISUAL_INSPECTION with run number 1 for component 20UPIPP1520003
2025-04-17 14:10:43,119 [INFO] local.sync: updated component test CONNECTIVITY with run number 1 for component 20UPIPP1520003
2025-04-17 14:10:43,119 [INFO] local.sync: Updated component: 20UPIPP1520003
2025-04-17 14:10:43,739 [INFO] local.sync: Remaining test codes: ['VISUAL_INSPECTION', 'CONNECTIVITY']
2025-04-17 14:10:43,921 [INFO] local.sync: updated component test VISUAL_INSPECTION with run number 1 for component 20UPIPP1520004
2025-04-17 14:10:44,105 [INFO] local.sync: updated component test CONNECTIVITY with run number 1 for component 20UPIPP1520004
2025-04-17 14:10:44,105 [INFO] local.sync: Updated component: 20UPIPP1520004
2025-04-17 14:10:44,696 [INFO] local.sync: Remaining test codes: ['VISUAL_INSPECTION']
2025-04-17 14:10:44,872 [INFO] local.sync: updated component test VISUAL_INSPECTION with run number 1 for component 20UPIRF1500001
2025-04-17 14:10:44,872 [INFO] local.sync: Updated component: 20UPIRF1500001
2025-04-17 14:10:45,451 [INFO] local.sync: Remaining test codes: ['VISUAL_INSPECTION']
2025-04-17 14:10:45,631 [INFO] local.sync: updated component test VISUAL_INSPECTION with run number 1 for component 20UPIRF1500002
2025-04-17 14:10:45,631 [INFO] local.sync: Updated component: 20UPIRF1500002
2025-04-17 14:10:46,492 [INFO] local.sync: Remaining test codes: ['VISUAL_INSPECTION']
2025-04-17 14:10:46,668 [INFO] local.sync: updated component test VISUAL_INSPECTION with run number 1 for component 20UPIRF1500003
2025-04-17 14:10:46,676 [INFO] local.sync: updated component test VISUAL_INSPECTION with run number 1 for component 20UPIRF1500003
2025-04-17 14:10:46,676 [INFO] local.sync: Updated component: 20UPIRF1500003
2025-04-17 14:10:47,230 [INFO] local.sync: Remaining test codes: ['VISUAL_INSPECTION']
2025-04-17 14:10:47,408 [INFO] local.sync: updated component test VISUAL_INSPECTION with run number 1 for component 20UPIRF1500004
2025-04-17 14:10:47,408 [INFO] local.sync: Updated component: 20UPIRF1500004
2025-04-17 14:10:48,100 [INFO] local.sync: Remaining test codes: ['VISUAL_INSPECTION']
2025-04-17 14:10:48,469 [INFO] local.sync: updated component test VISUAL_INSPECTION with run number 1 for component 20UPIRF1500005
2025-04-17 14:10:48,469 [INFO] local.sync: Updated component: 20UPIRF1500005
2025-04-17 14:10:49,241 [INFO] local.sync: Remaining test codes: ['VISUAL_INSPECTION']
2025-04-17 14:10:50,781 [INFO] local.sync: updated component test VISUAL_INSPECTION with run number 1 for component 20UPIRF1500006
2025-04-17 14:10:50,781 [INFO] local.sync: Updated component: 20UPIRF1500006
2025-04-17 14:10:51,401 [INFO] local.sync: No new tests to upload for this component.
2025-04-17 14:10:51,937 [INFO] local.sync: No new tests to upload for this component.
2025-04-17 14:10:52,519 [INFO] local.sync: No new tests to upload for this component.
2025-04-17 14:10:53,093 [INFO] local.sync: No new tests to upload for this component.
2025-04-17 14:10:53,644 [INFO] local.sync: No new tests to upload for this component.
2025-04-17 14:10:54,174 [INFO] local.sync: No new tests to upload for this component.
2025-04-17 14:10:54,731 [INFO] local.sync: No new tests to upload for this component.
2025-04-17 14:10:55,327 [INFO] local.sync: No new tests to upload for this component.
2025-04-17 14:10:55,877 [INFO] local.sync: No new tests to upload for this component.
2025-04-17 14:10:56,423 [INFO] local.sync: No new tests to upload for this component.
2025-04-17 14:10:56,983 [INFO] local.sync: No new tests to upload for this component.
2025-04-17 14:10:57,551 [INFO] local.sync: No new tests to upload for this component.
2025-04-17 14:10:58,112 [INFO] local.sync: No new tests to upload for this component.
2025-04-17 14:10:58,717 [INFO] local.sync: No new tests to upload for this component.
2025-04-17 14:10:59,290 [INFO] local.sync: No new tests to upload for this component.
2025-04-17 14:10:59,848 [INFO] local.sync: No new tests to upload for this component.
2025-04-17 14:11:00,430 [INFO] local.sync: No new tests to upload for this component.
2025-04-17 14:11:00,978 [INFO] local.sync: No new tests to upload for this component.
2025-04-17 14:11:01,593 [INFO] local.sync: Remaining test codes: ['VISUAL_INSPECTION', 'CONNECTIVITY']
2025-04-17 14:11:01,792 [INFO] local.sync: updated component test VISUAL_INSPECTION with run number 1 for component 20UPIPG9000001
2025-04-17 14:11:01,972 [INFO] local.sync: updated component test CONNECTIVITY with run number 1 for component 20UPIPG9000001
2025-04-17 14:11:01,980 [INFO] local.sync: updated component test CONNECTIVITY with run number 2 for component 20UPIPG9000001
2025-04-17 14:11:01,987 [INFO] local.sync: updated component test CONNECTIVITY with run number 3 for component 20UPIPG9000001
2025-04-17 14:11:01,992 [INFO] local.sync: updated component test CONNECTIVITY with run number 4 for component 20UPIPG9000001
2025-04-17 14:11:01,997 [INFO] local.sync: updated component test CONNECTIVITY with run number 5 for component 20UPIPG9000001
2025-04-17 14:11:02,002 [INFO] local.sync: updated component test CONNECTIVITY with run number 6 for component 20UPIPG9000001
2025-04-17 14:11:02,007 [INFO] local.sync: updated component test CONNECTIVITY with run number 7 for component 20UPIPG9000001
2025-04-17 14:11:02,013 [INFO] local.sync: updated component test CONNECTIVITY with run number 8 for component 20UPIPG9000001
2025-04-17 14:11:02,020 [INFO] local.sync: updated component test CONNECTIVITY with run number 9 for component 20UPIPG9000001
2025-04-17 14:11:02,026 [INFO] local.sync: updated component test CONNECTIVITY with run number 11 for component 20UPIPG9000001
2025-04-17 14:11:02,033 [INFO] local.sync: updated component test CONNECTIVITY with run number 12 for component 20UPIPG9000001
2025-04-17 14:11:02,033 [INFO] local.sync: Updated component: 20UPIPG9000001
2025-04-17 14:11:02,591 [INFO] local.sync: No new tests to upload for this component.
2025-04-17 14:11:03,193 [INFO] local.sync: No new tests to upload for this component.
2025-04-17 14:11:03,977 [INFO] local.sync: Remaining test codes: ['VISUAL_INSPECTION', 'CONNECTIVITY']
2025-04-17 14:11:04,274 [INFO] local.sync: updated component test VISUAL_INSPECTION with run number 1 for component 20UPIPG1400064
2025-04-17 14:11:05,644 [INFO] local.sync: updated component test CONNECTIVITY with run number 1 for component 20UPIPG1400064
2025-04-17 14:11:05,645 [INFO] local.sync: Updated component: 20UPIPG1400064
2025-04-17 14:11:06,229 [INFO] local.sync: Remaining test codes: ['VISUAL_INSPECTION', 'CONNECTIVITY']
2025-04-17 14:11:06,413 [INFO] local.sync: updated component test VISUAL_INSPECTION with run number 1 for component 20UPIPG1400065
2025-04-17 14:11:06,594 [INFO] local.sync: updated component test CONNECTIVITY with run number 1 for component 20UPIPG1400065
2025-04-17 14:11:06,594 [INFO] local.sync: Updated component: 20UPIPG1400065
2025-04-17 14:11:07,185 [INFO] local.sync: Remaining test codes: ['VISUAL_INSPECTION', 'CONNECTIVITY']
2025-04-17 14:11:07,367 [INFO] local.sync: updated component test VISUAL_INSPECTION with run number 1 for component 20UPIPG1400066
2025-04-17 14:11:07,544 [INFO] local.sync: updated component test CONNECTIVITY with run number 1 for component 20UPIPG1400066
2025-04-17 14:11:07,544 [INFO] local.sync: Updated component: 20UPIPG1400066
2025-04-17 14:11:08,105 [INFO] local.sync: Remaining test codes: ['VISUAL_INSPECTION', 'CONNECTIVITY']
2025-04-17 14:11:08,287 [INFO] local.sync: updated component test VISUAL_INSPECTION with run number 1 for component 20UPIPG1400067
2025-04-17 14:11:08,467 [INFO] local.sync: updated component test CONNECTIVITY with run number 1 for component 20UPIPG1400067
2025-04-17 14:11:08,467 [INFO] local.sync: Updated component: 20UPIPG1400067
2025-04-17 14:11:09,029 [INFO] local.sync: Remaining test codes: ['VISUAL_INSPECTION', 'CONNECTIVITY']
2025-04-17 14:11:09,207 [INFO] local.sync: updated component test VISUAL_INSPECTION with run number 1 for component 20UPIPG1400068
2025-04-17 14:11:09,383 [INFO] local.sync: updated component test CONNECTIVITY with run number 1 for component 20UPIPG1400068
2025-04-17 14:11:09,383 [INFO] local.sync: Updated component: 20UPIPG1400068
2025-04-17 14:11:09,938 [INFO] local.sync: No new tests to upload for this component.
2025-04-17 14:11:10,463 [INFO] local.sync: No new tests to upload for this component.
2025-04-17 14:11:11,014 [INFO] local.sync: No new tests to upload for this component.
2025-04-17 14:11:11,595 [INFO] local.sync: No new tests to upload for this component.
2025-04-17 14:11:12,146 [INFO] local.sync: No new tests to upload for this component.
2025-04-17 14:11:12,722 [INFO] local.sync: Remaining test codes: ['VISUAL_INSPECTION', 'CONNECTIVITY']
2025-04-17 14:11:12,902 [INFO] local.sync: updated component test VISUAL_INSPECTION with run number 1 for component 20UPIPG1400069
2025-04-17 14:11:13,086 [INFO] local.sync: updated component test CONNECTIVITY with run number 1 for component 20UPIPG1400069
2025-04-17 14:11:13,086 [INFO] local.sync: Updated component: 20UPIPG1400069
2025-04-17 14:11:13,653 [INFO] local.sync: Remaining test codes: ['VISUAL_INSPECTION', 'CONNECTIVITY']
2025-04-17 14:11:13,840 [INFO] local.sync: updated component test VISUAL_INSPECTION with run number 1 for component 20UPIPG1400070
2025-04-17 14:11:14,023 [INFO] local.sync: updated component test CONNECTIVITY with run number 1 for component 20UPIPG1400070
2025-04-17 14:11:14,023 [INFO] local.sync: Updated component: 20UPIPG1400070
2025-04-17 14:11:14,625 [INFO] local.sync: Remaining test codes: ['CONNECTIVITY']
2025-04-17 14:11:14,792 [INFO] local.sync: Skipping test code VISUAL_INSPECTION with run number 1 for component 20UPIPG9110002 as it has been previously recorded.
2025-04-17 14:11:14,797 [INFO] local.sync: updated component test VISUAL_INSPECTION with run number 2 for component 20UPIPG9110002
2025-04-17 14:11:14,802 [INFO] local.sync: updated component test VISUAL_INSPECTION with run number 3 for component 20UPIPG9110002
2025-04-17 14:11:14,806 [INFO] local.sync: updated component test VISUAL_INSPECTION with run number 4 for component 20UPIPG9110002
2025-04-17 14:11:14,810 [INFO] local.sync: updated component test VISUAL_INSPECTION with run number 5 for component 20UPIPG9110002
2025-04-17 14:11:14,815 [INFO] local.sync: updated component test VISUAL_INSPECTION with run number 6 for component 20UPIPG9110002
2025-04-17 14:11:14,819 [INFO] local.sync: updated component test VISUAL_INSPECTION with run number 7 for component 20UPIPG9110002
2025-04-17 14:11:14,824 [INFO] local.sync: updated component test VISUAL_INSPECTION with run number 8 for component 20UPIPG9110002
2025-04-17 14:11:14,828 [INFO] local.sync: updated component test VISUAL_INSPECTION with run number 9 for component 20UPIPG9110002
2025-04-17 14:11:14,832 [INFO] local.sync: updated component test VISUAL_INSPECTION with run number 10 for component 20UPIPG9110002
2025-04-17 14:11:15,008 [INFO] local.sync: updated component test CONNECTIVITY with run number 1 for component 20UPIPG9110002
2025-04-17 14:11:15,008 [INFO] local.sync: Updated component: 20UPIPG9110002
2025-04-17 14:11:15,543 [INFO] local.sync: No new tests to upload for this component.
2025-04-17 14:11:16,074 [INFO] local.sync: No new tests to upload for this component.
2025-04-17 14:11:16,620 [INFO] local.sync: No new tests to upload for this component.
2025-04-17 14:11:17,165 [INFO] local.sync: Remaining test codes: ['VISUAL_INSPECTION', 'CONNECTIVITY']
2025-04-17 14:11:17,351 [INFO] local.sync: updated component test VISUAL_INSPECTION with run number 1 for component 20UPIPG1310001
2025-04-17 14:11:17,534 [INFO] local.sync: updated component test CONNECTIVITY with run number 1 for component 20UPIPG1310001
2025-04-17 14:11:17,534 [INFO] local.sync: Updated component: 20UPIPG1310001
2025-04-17 14:11:18,415 [INFO] local.sync: Remaining test codes: ['VISUAL_INSPECTION', 'CONNECTIVITY']
2025-04-17 14:11:18,682 [INFO] local.sync: updated component test VISUAL_INSPECTION with run number 1 for component 20UPIPG1310002
2025-04-17 14:11:19,047 [INFO] local.sync: updated component test CONNECTIVITY with run number 1 for component 20UPIPG1310002
2025-04-17 14:11:19,047 [INFO] local.sync: Updated component: 20UPIPG1310002
2025-04-17 14:11:19,765 [INFO] local.sync: Remaining test codes: ['VISUAL_INSPECTION', 'CONNECTIVITY']
2025-04-17 14:11:20,944 [INFO] local.sync: updated component test VISUAL_INSPECTION with run number 1 for component 20UPIPG1310003
2025-04-17 14:11:21,181 [INFO] local.sync: updated component test CONNECTIVITY with run number 1 for component 20UPIPG1310003
2025-04-17 14:11:21,181 [INFO] local.sync: Updated component: 20UPIPG1310003
2025-04-17 14:11:21,827 [INFO] local.sync: Remaining test codes: ['VISUAL_INSPECTION', 'CONNECTIVITY']
2025-04-17 14:11:22,007 [INFO] local.sync: updated component test VISUAL_INSPECTION with run number 1 for component 20UPIPG1310004
2025-04-17 14:11:22,185 [INFO] local.sync: updated component test CONNECTIVITY with run number 1 for component 20UPIPG1310004
2025-04-17 14:11:22,185 [INFO] local.sync: Updated component: 20UPIPG1310004
2025-04-17 14:11:22,766 [INFO] local.sync: Remaining test codes: ['VISUAL_INSPECTION', 'CONNECTIVITY']
2025-04-17 14:11:22,948 [INFO] local.sync: updated component test VISUAL_INSPECTION with run number 1 for component 20UPIPG1310005
2025-04-17 14:11:23,131 [INFO] local.sync: updated component test CONNECTIVITY with run number 1 for component 20UPIPG1310005
2025-04-17 14:11:23,131 [INFO] local.sync: Updated component: 20UPIPG1310005
2025-04-17 14:11:23,713 [INFO] local.sync: Remaining test codes: ['VISUAL_INSPECTION', 'CONNECTIVITY']
2025-04-17 14:11:23,898 [INFO] local.sync: updated component test VISUAL_INSPECTION with run number 1 for component 20UPIPG1310006
2025-04-17 14:11:24,075 [INFO] local.sync: updated component test CONNECTIVITY with run number 1 for component 20UPIPG1310006
2025-04-17 14:11:24,075 [INFO] local.sync: Updated component: 20UPIPG1310006
2025-04-17 14:11:24,619 [INFO] local.sync: Remaining test codes: ['VISUAL_INSPECTION', 'CONNECTIVITY']
2025-04-17 14:11:24,833 [INFO] local.sync: updated component test VISUAL_INSPECTION with run number 1 for component 20UPIPG1310007
2025-04-17 14:11:25,011 [INFO] local.sync: updated component test CONNECTIVITY with run number 1 for component 20UPIPG1310007
2025-04-17 14:11:25,011 [INFO] local.sync: Updated component: 20UPIPG1310007
2025-04-17 14:11:25,616 [INFO] local.sync: Remaining test codes: ['VISUAL_INSPECTION', 'CONNECTIVITY']
2025-04-17 14:11:25,795 [INFO] local.sync: updated component test VISUAL_INSPECTION with run number 1 for component 20UPIPG1310008
2025-04-17 14:11:25,974 [INFO] local.sync: updated component test CONNECTIVITY with run number 1 for component 20UPIPG1310008
2025-04-17 14:11:25,974 [INFO] local.sync: Updated component: 20UPIPG1310008
2025-04-17 14:11:26,557 [INFO] local.sync: Remaining test codes: ['VISUAL_INSPECTION', 'CONNECTIVITY']
2025-04-17 14:11:26,763 [INFO] local.sync: updated component test VISUAL_INSPECTION with run number 1 for component 20UPIPG1310009
2025-04-17 14:11:26,940 [INFO] local.sync: updated component test CONNECTIVITY with run number 1 for component 20UPIPG1310009
2025-04-17 14:11:26,940 [INFO] local.sync: Updated component: 20UPIPG1310009
2025-04-17 14:11:27,518 [INFO] local.sync: Remaining test codes: ['VISUAL_INSPECTION', 'CONNECTIVITY']
2025-04-17 14:11:27,796 [INFO] local.sync: updated component test VISUAL_INSPECTION with run number 1 for component 20UPIPG1310010
2025-04-17 14:11:27,973 [INFO] local.sync: updated component test CONNECTIVITY with run number 1 for component 20UPIPG1310010
2025-04-17 14:11:27,973 [INFO] local.sync: Updated component: 20UPIPG1310010
2025-04-17 14:11:28,609 [INFO] local.sync: No new tests to upload for this component.
2025-04-17 14:11:29,191 [INFO] local.sync: No new tests to upload for this component.
2025-04-17 14:11:30,041 [INFO] local.sync: No new tests to upload for this component.
2025-04-17 14:11:30,627 [INFO] local.sync: No new tests to upload for this component.
2025-04-17 14:11:31,177 [INFO] local.sync: No new tests to upload for this component.
2025-04-17 14:11:31,708 [INFO] local.sync: No new tests to upload for this component.
2025-04-17 14:11:32,253 [INFO] local.sync: Remaining test codes: ['VISUAL_INSPECTION', 'CONNECTIVITY']
2025-04-17 14:11:32,438 [INFO] local.sync: updated component test VISUAL_INSPECTION with run number 1 for component 20UPIPG1320001
2025-04-17 14:11:32,615 [INFO] local.sync: updated component test CONNECTIVITY with run number 1 for component 20UPIPG1320001
2025-04-17 14:11:32,615 [INFO] local.sync: Updated component: 20UPIPG1320001
2025-04-17 14:11:33,493 [INFO] local.sync: Remaining test codes: ['VISUAL_INSPECTION', 'CONNECTIVITY']
2025-04-17 14:11:34,143 [INFO] local.sync: updated component test VISUAL_INSPECTION with run number 1 for component 20UPIPG1320002
2025-04-17 14:11:35,764 [INFO] local.sync: updated component test CONNECTIVITY with run number 1 for component 20UPIPG1320002
2025-04-17 14:11:35,764 [INFO] local.sync: Updated component: 20UPIPG1320002
2025-04-17 14:11:36,365 [INFO] local.sync: Remaining test codes: ['VISUAL_INSPECTION', 'CONNECTIVITY']
2025-04-17 14:11:36,543 [INFO] local.sync: updated component test VISUAL_INSPECTION with run number 1 for component 20UPIPG1320003
2025-04-17 14:11:36,729 [INFO] local.sync: updated component test CONNECTIVITY with run number 1 for component 20UPIPG1320003
2025-04-17 14:11:36,729 [INFO] local.sync: Updated component: 20UPIPG1320003
2025-04-17 14:11:37,302 [INFO] local.sync: Remaining test codes: ['VISUAL_INSPECTION', 'CONNECTIVITY']
2025-04-17 14:11:37,477 [INFO] local.sync: updated component test VISUAL_INSPECTION with run number 1 for component 20UPIPG1320004
2025-04-17 14:11:37,654 [INFO] local.sync: updated component test CONNECTIVITY with run number 1 for component 20UPIPG1320004
2025-04-17 14:11:37,654 [INFO] local.sync: Updated component: 20UPIPG1320004
2025-04-17 14:11:38,199 [INFO] local.sync: Remaining test codes: ['VISUAL_INSPECTION', 'CONNECTIVITY']
2025-04-17 14:11:38,375 [INFO] local.sync: updated component test VISUAL_INSPECTION with run number 1 for component 20UPIPG1320005
2025-04-17 14:11:38,560 [INFO] local.sync: updated component test CONNECTIVITY with run number 1 for component 20UPIPG1320005
2025-04-17 14:11:38,560 [INFO] local.sync: Updated component: 20UPIPG1320005
2025-04-17 14:11:39,097 [INFO] local.sync: Remaining test codes: ['VISUAL_INSPECTION', 'CONNECTIVITY']
2025-04-17 14:11:39,274 [INFO] local.sync: updated component test VISUAL_INSPECTION with run number 1 for component 20UPIPG1320006
2025-04-17 14:11:39,459 [INFO] local.sync: updated component test CONNECTIVITY with run number 1 for component 20UPIPG1320006
2025-04-17 14:11:39,459 [INFO] local.sync: Updated component: 20UPIPG1320006
2025-04-17 14:11:40,004 [INFO] local.sync: Remaining test codes: ['VISUAL_INSPECTION', 'CONNECTIVITY']
2025-04-17 14:11:40,183 [INFO] local.sync: updated component test VISUAL_INSPECTION with run number 1 for component 20UPIPG1320007
2025-04-17 14:11:40,372 [INFO] local.sync: updated component test CONNECTIVITY with run number 1 for component 20UPIPG1320007
2025-04-17 14:11:40,372 [INFO] local.sync: Updated component: 20UPIPG1320007
2025-04-17 14:11:40,944 [INFO] local.sync: Remaining test codes: ['VISUAL_INSPECTION', 'CONNECTIVITY']
2025-04-17 14:11:41,117 [INFO] local.sync: updated component test VISUAL_INSPECTION with run number 1 for component 20UPIPG1320008
2025-04-17 14:11:41,299 [INFO] local.sync: updated component test CONNECTIVITY with run number 1 for component 20UPIPG1320008
2025-04-17 14:11:41,299 [INFO] local.sync: Updated component: 20UPIPG1320008
2025-04-17 14:11:41,967 [INFO] local.sync: Remaining test codes: ['VISUAL_INSPECTION', 'CONNECTIVITY']
2025-04-17 14:11:42,144 [INFO] local.sync: updated component test VISUAL_INSPECTION with run number 1 for component 20UPIPG1320009
2025-04-17 14:11:42,318 [INFO] local.sync: updated component test CONNECTIVITY with run number 1 for component 20UPIPG1320009
2025-04-17 14:11:42,318 [INFO] local.sync: Updated component: 20UPIPG1320009
2025-04-17 14:11:42,867 [INFO] local.sync: Remaining test codes: ['VISUAL_INSPECTION', 'CONNECTIVITY']
2025-04-17 14:11:43,041 [INFO] local.sync: updated component test VISUAL_INSPECTION with run number 1 for component 20UPIPG1320010
2025-04-17 14:11:43,214 [INFO] local.sync: updated component test CONNECTIVITY with run number 1 for component 20UPIPG1320010
2025-04-17 14:11:43,214 [INFO] local.sync: Updated component: 20UPIPG1320010
2025-04-17 14:11:43,757 [INFO] local.sync: Remaining test codes: ['VISUAL_INSPECTION', 'CONNECTIVITY']
2025-04-17 14:11:44,074 [INFO] local.sync: updated component test VISUAL_INSPECTION with run number 1 for component 20UPIPG1400040
2025-04-17 14:11:44,248 [INFO] local.sync: updated component test CONNECTIVITY with run number 1 for component 20UPIPG1400040
2025-04-17 14:11:44,248 [INFO] local.sync: Updated component: 20UPIPG1400040
2025-04-17 14:11:45,218 [INFO] local.sync: Remaining test codes: ['VISUAL_INSPECTION']
2025-04-17 14:11:45,391 [INFO] local.sync: updated component test VISUAL_INSPECTION with run number 1 for component 20UPIPG1400031
2025-04-17 14:11:45,391 [INFO] local.sync: Updated component: 20UPIPG1400031
2025-04-17 14:11:45,934 [INFO] local.sync: No new tests to upload for this component.
2025-04-17 14:11:46,465 [INFO] local.sync: No new tests to upload for this component.
2025-04-17 14:11:47,042 [INFO] local.sync: Remaining test codes: ['VISUAL_INSPECTION', 'CONNECTIVITY']
2025-04-17 14:11:47,244 [INFO] local.sync: updated component test VISUAL_INSPECTION with run number 1 for component 20UPIPP1510002
2025-04-17 14:11:47,428 [INFO] local.sync: updated component test CONNECTIVITY with run number 1 for component 20UPIPP1510002
2025-04-17 14:11:47,428 [INFO] local.sync: Updated component: 20UPIPP1510002
2025-04-17 14:11:47,999 [INFO] local.sync: Remaining test codes: ['VISUAL_INSPECTION', 'CONNECTIVITY']
2025-04-17 14:11:49,143 [INFO] local.sync: updated component test VISUAL_INSPECTION with run number 1 for component 20UPIPG1400032
2025-04-17 14:11:49,489 [INFO] local.sync: updated component test CONNECTIVITY with run number 1 for component 20UPIPG1400032
2025-04-17 14:11:49,489 [INFO] local.sync: Updated component: 20UPIPG1400032
2025-04-17 14:11:50,100 [INFO] local.sync: Remaining test codes: ['VISUAL_INSPECTION', 'CONNECTIVITY']
2025-04-17 14:11:51,011 [INFO] local.sync: updated component test VISUAL_INSPECTION with run number 1 for component 20UPIPG1400062
2025-04-17 14:11:51,190 [INFO] local.sync: updated component test CONNECTIVITY with run number 1 for component 20UPIPG1400062
2025-04-17 14:11:51,190 [INFO] local.sync: Updated component: 20UPIPG1400062
2025-04-17 14:11:51,752 [INFO] local.sync: Remaining test codes: ['VISUAL_INSPECTION', 'CONNECTIVITY']
2025-04-17 14:11:52,092 [INFO] local.sync: updated component test VISUAL_INSPECTION with run number 1 for component 20UPIPP1510001
2025-04-17 14:11:52,270 [INFO] local.sync: updated component test CONNECTIVITY with run number 1 for component 20UPIPP1510001
2025-04-17 14:11:52,270 [INFO] local.sync: Updated component: 20UPIPP1510001
2025-04-17 14:11:52,814 [INFO] local.sync: Remaining test codes: ['VISUAL_INSPECTION', 'CONNECTIVITY']
2025-04-17 14:11:52,987 [INFO] local.sync: updated component test VISUAL_INSPECTION with run number 1 for component 20UPIPG1400042
2025-04-17 14:11:53,166 [INFO] local.sync: updated component test CONNECTIVITY with run number 1 for component 20UPIPG1400042
2025-04-17 14:11:53,166 [INFO] local.sync: Updated component: 20UPIPG1400042
2025-04-17 14:11:53,709 [INFO] local.sync: Remaining test codes: ['VISUAL_INSPECTION', 'CONNECTIVITY']
2025-04-17 14:11:53,884 [INFO] local.sync: updated component test VISUAL_INSPECTION with run number 1 for component 20UPIPG1400028
2025-04-17 14:11:54,057 [INFO] local.sync: updated component test CONNECTIVITY with run number 1 for component 20UPIPG1400028
2025-04-17 14:11:54,057 [INFO] local.sync: Updated component: 20UPIPG1400028
2025-04-17 14:11:54,620 [INFO] local.sync: Remaining test codes: ['VISUAL_INSPECTION', 'CONNECTIVITY']
2025-04-17 14:11:54,798 [INFO] local.sync: updated component test VISUAL_INSPECTION with run number 1 for component 20UPIPG1400024
2025-04-17 14:11:54,973 [INFO] local.sync: updated component test CONNECTIVITY with run number 1 for component 20UPIPG1400024
2025-04-17 14:11:54,973 [INFO] local.sync: Updated component: 20UPIPG1400024
2025-04-17 14:11:55,555 [INFO] local.sync: Remaining test codes: ['VISUAL_INSPECTION', 'CONNECTIVITY']
2025-04-17 14:11:55,729 [INFO] local.sync: updated component test VISUAL_INSPECTION with run number 1 for component 20UPIPG1400033
2025-04-17 14:11:55,902 [INFO] local.sync: updated component test CONNECTIVITY with run number 1 for component 20UPIPG1400033
2025-04-17 14:11:55,902 [INFO] local.sync: Updated component: 20UPIPG1400033
2025-04-17 14:11:56,621 [INFO] local.sync: Remaining test codes: ['VISUAL_INSPECTION', 'CONNECTIVITY']
2025-04-17 14:11:56,797 [INFO] local.sync: updated component test VISUAL_INSPECTION with run number 1 for component 20UPIPG1400052
2025-04-17 14:11:56,971 [INFO] local.sync: updated component test CONNECTIVITY with run number 1 for component 20UPIPG1400052
2025-04-17 14:11:56,972 [INFO] local.sync: Updated component: 20UPIPG1400052
2025-04-17 14:11:57,538 [INFO] local.sync: Remaining test codes: ['VISUAL_INSPECTION', 'CONNECTIVITY']
2025-04-17 14:11:57,711 [INFO] local.sync: updated component test VISUAL_INSPECTION with run number 1 for component 20UPIPG1400046
2025-04-17 14:11:57,886 [INFO] local.sync: updated component test CONNECTIVITY with run number 1 for component 20UPIPG1400046
2025-04-17 14:11:57,886 [INFO] local.sync: Updated component: 20UPIPG1400046
2025-04-17 14:11:58,458 [INFO] local.sync: Remaining test codes: ['VISUAL_INSPECTION', 'CONNECTIVITY']
2025-04-17 14:11:58,631 [INFO] local.sync: updated component test VISUAL_INSPECTION with run number 1 for component 20UPIPG1400060
2025-04-17 14:11:58,816 [INFO] local.sync: updated component test CONNECTIVITY with run number 1 for component 20UPIPG1400060
2025-04-17 14:11:58,816 [INFO] local.sync: Updated component: 20UPIPG1400060
2025-04-17 14:11:59,645 [INFO] local.sync: Remaining test codes: ['VISUAL_INSPECTION', 'CONNECTIVITY']
2025-04-17 14:11:59,817 [INFO] local.sync: updated component test VISUAL_INSPECTION with run number 1 for component 20UPIPG1400048
2025-04-17 14:11:59,989 [INFO] local.sync: updated component test CONNECTIVITY with run number 1 for component 20UPIPG1400048
2025-04-17 14:11:59,989 [INFO] local.sync: Updated component: 20UPIPG1400048
2025-04-17 14:12:00,539 [INFO] local.sync: Remaining test codes: ['VISUAL_INSPECTION', 'CONNECTIVITY']
2025-04-17 14:12:00,712 [INFO] local.sync: updated component test VISUAL_INSPECTION with run number 1 for component 20UPIPG1400030
2025-04-17 14:12:00,887 [INFO] local.sync: updated component test CONNECTIVITY with run number 1 for component 20UPIPG1400030
2025-04-17 14:12:00,887 [INFO] local.sync: Updated component: 20UPIPG1400030
2025-04-17 14:12:01,420 [INFO] local.sync: Remaining test codes: ['VISUAL_INSPECTION', 'CONNECTIVITY']
2025-04-17 14:12:01,610 [INFO] local.sync: updated component test VISUAL_INSPECTION with run number 1 for component 20UPIPG1400039
2025-04-17 14:12:01,786 [INFO] local.sync: updated component test CONNECTIVITY with run number 1 for component 20UPIPG1400039
2025-04-17 14:12:01,786 [INFO] local.sync: Updated component: 20UPIPG1400039
2025-04-17 14:12:02,353 [INFO] local.sync: Remaining test codes: ['VISUAL_INSPECTION', 'CONNECTIVITY']
2025-04-17 14:12:02,528 [INFO] local.sync: updated component test VISUAL_INSPECTION with run number 1 for component 20UPIPG1400038
2025-04-17 14:12:02,706 [INFO] local.sync: updated component test CONNECTIVITY with run number 1 for component 20UPIPG1400038
2025-04-17 14:12:02,706 [INFO] local.sync: Updated component: 20UPIPG1400038
2025-04-17 14:12:03,348 [INFO] local.sync: Remaining test codes: ['VISUAL_INSPECTION', 'CONNECTIVITY']
2025-04-17 14:12:03,680 [INFO] local.sync: updated component test VISUAL_INSPECTION with run number 1 for component 20UPIPG1400049
2025-04-17 14:12:04,134 [INFO] local.sync: updated component test CONNECTIVITY with run number 1 for component 20UPIPG1400049
2025-04-17 14:12:04,134 [INFO] local.sync: Updated component: 20UPIPG1400049
2025-04-17 14:12:04,960 [INFO] local.sync: Remaining test codes: ['VISUAL_INSPECTION', 'CONNECTIVITY']
2025-04-17 14:12:05,301 [INFO] local.sync: updated component test VISUAL_INSPECTION with run number 1 for component 20UPIPG1400063
2025-04-17 14:12:05,566 [INFO] local.sync: updated component test CONNECTIVITY with run number 1 for component 20UPIPG1400063
2025-04-17 14:12:05,566 [INFO] local.sync: Updated component: 20UPIPG1400063
2025-04-17 14:12:06,160 [INFO] local.sync: Remaining test codes: ['VISUAL_INSPECTION', 'CONNECTIVITY']
2025-04-17 14:12:06,499 [INFO] local.sync: updated component test VISUAL_INSPECTION with run number 1 for component 20UPIPG1400047
2025-04-17 14:12:06,673 [INFO] local.sync: updated component test CONNECTIVITY with run number 1 for component 20UPIPG1400047
2025-04-17 14:12:06,673 [INFO] local.sync: Updated component: 20UPIPG1400047
2025-04-17 14:12:07,232 [INFO] local.sync: Remaining test codes: ['VISUAL_INSPECTION', 'CONNECTIVITY']
2025-04-17 14:12:07,409 [INFO] local.sync: updated component test VISUAL_INSPECTION with run number 1 for component 20UPIPG1400034
2025-04-17 14:12:07,736 [INFO] local.sync: updated component test CONNECTIVITY with run number 1 for component 20UPIPG1400034
2025-04-17 14:12:07,736 [INFO] local.sync: Updated component: 20UPIPG1400034
2025-04-17 14:12:08,319 [INFO] local.sync: Remaining test codes: ['VISUAL_INSPECTION', 'CONNECTIVITY']
2025-04-17 14:12:08,500 [INFO] local.sync: updated component test VISUAL_INSPECTION with run number 1 for component 20UPIPG1400036
2025-04-17 14:12:08,696 [INFO] local.sync: updated component test CONNECTIVITY with run number 1 for component 20UPIPG1400036
2025-04-17 14:12:08,696 [INFO] local.sync: Updated component: 20UPIPG1400036
2025-04-17 14:12:09,262 [INFO] local.sync: Remaining test codes: ['VISUAL_INSPECTION', 'CONNECTIVITY']
2025-04-17 14:12:09,445 [INFO] local.sync: updated component test VISUAL_INSPECTION with run number 1 for component 20UPIPG1400035
2025-04-17 14:12:09,622 [INFO] local.sync: updated component test CONNECTIVITY with run number 1 for component 20UPIPG1400035
2025-04-17 14:12:09,622 [INFO] local.sync: Updated component: 20UPIPG1400035
2025-04-17 14:12:10,160 [INFO] local.sync: Remaining test codes: ['VISUAL_INSPECTION']
2025-04-17 14:12:10,336 [INFO] local.sync: updated component test VISUAL_INSPECTION with run number 1 for component 20UPIPG1400037
2025-04-17 14:12:10,345 [INFO] local.sync: updated component test VISUAL_INSPECTION with run number 1 for component 20UPIPG1400037
2025-04-17 14:12:10,345 [INFO] local.sync: Updated component: 20UPIPG1400037
2025-04-17 14:12:10,926 [INFO] local.sync: Remaining test codes: ['VISUAL_INSPECTION', 'CONNECTIVITY']
2025-04-17 14:12:11,105 [INFO] local.sync: updated component test VISUAL_INSPECTION with run number 1 for component 20UPIPG1400055
2025-04-17 14:12:11,281 [INFO] local.sync: updated component test CONNECTIVITY with run number 1 for component 20UPIPG1400055
2025-04-17 14:12:11,281 [INFO] local.sync: Updated component: 20UPIPG1400055
2025-04-17 14:12:11,829 [INFO] local.sync: Remaining test codes: ['VISUAL_INSPECTION', 'CONNECTIVITY']
2025-04-17 14:12:12,002 [INFO] local.sync: updated component test VISUAL_INSPECTION with run number 1 for component 20UPIPG1400051
2025-04-17 14:12:12,185 [INFO] local.sync: updated component test CONNECTIVITY with run number 1 for component 20UPIPG1400051
2025-04-17 14:12:12,185 [INFO] local.sync: Updated component: 20UPIPG1400051
2025-04-17 14:12:12,982 [INFO] local.sync: Remaining test codes: ['VISUAL_INSPECTION', 'CONNECTIVITY']
2025-04-17 14:12:13,163 [INFO] local.sync: updated component test VISUAL_INSPECTION with run number 1 for component 20UPIPG1400045
2025-04-17 14:12:13,338 [INFO] local.sync: updated component test CONNECTIVITY with run number 1 for component 20UPIPG1400045
2025-04-17 14:12:13,338 [INFO] local.sync: Updated component: 20UPIPG1400045
2025-04-17 14:12:13,890 [INFO] local.sync: Remaining test codes: ['VISUAL_INSPECTION', 'CONNECTIVITY']
2025-04-17 14:12:14,072 [INFO] local.sync: updated component test VISUAL_INSPECTION with run number 1 for component 20UPIPG1400053
2025-04-17 14:12:14,251 [INFO] local.sync: updated component test CONNECTIVITY with run number 1 for component 20UPIPG1400053
2025-04-17 14:12:14,251 [INFO] local.sync: Updated component: 20UPIPG1400053
2025-04-17 14:12:14,792 [INFO] local.sync: Remaining test codes: ['VISUAL_INSPECTION', 'CONNECTIVITY']
2025-04-17 14:12:14,972 [INFO] local.sync: updated component test VISUAL_INSPECTION with run number 1 for component 20UPIPG1400056
2025-04-17 14:12:15,144 [INFO] local.sync: updated component test CONNECTIVITY with run number 1 for component 20UPIPG1400056
2025-04-17 14:12:15,144 [INFO] local.sync: Updated component: 20UPIPG1400056
2025-04-17 14:12:15,703 [INFO] local.sync: Remaining test codes: ['VISUAL_INSPECTION', 'CONNECTIVITY']
2025-04-17 14:12:15,878 [INFO] local.sync: updated component test VISUAL_INSPECTION with run number 1 for component 20UPIPG1400057
2025-04-17 14:12:16,053 [INFO] local.sync: updated component test CONNECTIVITY with run number 1 for component 20UPIPG1400057
2025-04-17 14:12:16,053 [INFO] local.sync: Updated component: 20UPIPG1400057
2025-04-17 14:12:16,616 [INFO] local.sync: Remaining test codes: ['VISUAL_INSPECTION', 'CONNECTIVITY']
2025-04-17 14:12:16,797 [INFO] local.sync: updated component test VISUAL_INSPECTION with run number 1 for component 20UPIPG1400044
2025-04-17 14:12:16,974 [INFO] local.sync: updated component test CONNECTIVITY with run number 1 for component 20UPIPG1400044
2025-04-17 14:12:16,974 [INFO] local.sync: Updated component: 20UPIPG1400044
2025-04-17 14:12:17,543 [INFO] local.sync: Remaining test codes: ['VISUAL_INSPECTION', 'CONNECTIVITY']
2025-04-17 14:12:17,727 [INFO] local.sync: updated component test VISUAL_INSPECTION with run number 1 for component 20UPIPG1400025
2025-04-17 14:12:19,312 [INFO] local.sync: updated component test CONNECTIVITY with run number 1 for component 20UPIPG1400025
2025-04-17 14:12:19,312 [INFO] local.sync: Updated component: 20UPIPG1400025
2025-04-17 14:12:20,326 [INFO] local.sync: Remaining test codes: ['VISUAL_INSPECTION', 'CONNECTIVITY']
2025-04-17 14:12:20,916 [INFO] local.sync: updated component test VISUAL_INSPECTION with run number 1 for component 20UPIPG1400054
2025-04-17 14:12:21,120 [INFO] local.sync: updated component test CONNECTIVITY with run number 1 for component 20UPIPG1400054
2025-04-17 14:12:21,120 [INFO] local.sync: Updated component: 20UPIPG1400054
2025-04-17 14:12:21,716 [INFO] local.sync: Remaining test codes: ['CONNECTIVITY']
2025-04-17 14:12:21,885 [INFO] local.sync: Skipping test code VISUAL_INSPECTION with run number 1 for component 20UPIPG1400027 as it has been previously recorded.
2025-04-17 14:12:22,060 [INFO] local.sync: updated component test CONNECTIVITY with run number 1 for component 20UPIPG1400027
2025-04-17 14:12:22,060 [INFO] local.sync: Updated component: 20UPIPG1400027
2025-04-17 14:12:22,600 [INFO] local.sync: Remaining test codes: ['VISUAL_INSPECTION', 'CONNECTIVITY']
2025-04-17 14:12:22,778 [INFO] local.sync: updated component test VISUAL_INSPECTION with run number 1 for component 20UPIPG1400050
2025-04-17 14:12:22,952 [INFO] local.sync: updated component test CONNECTIVITY with run number 1 for component 20UPIPG1400050
2025-04-17 14:12:22,952 [INFO] local.sync: Updated component: 20UPIPG1400050
2025-04-17 14:12:23,502 [INFO] local.sync: Remaining test codes: ['VISUAL_INSPECTION', 'CONNECTIVITY', 'SIGNAL_INTEGRITY']
2025-04-17 14:12:23,681 [INFO] local.sync: updated component test VISUAL_INSPECTION with run number 1 for component 20UPIPG1400023
2025-04-17 14:12:23,866 [INFO] local.sync: updated component test CONNECTIVITY with run number 1 for component 20UPIPG1400023
2025-04-17 14:12:24,043 [INFO] local.sync: updated component test SIGNAL_INTEGRITY with run number 1 for component 20UPIPG1400023
2025-04-17 14:12:24,043 [INFO] local.sync: Updated component: 20UPIPG1400023
2025-04-17 14:12:24,627 [INFO] local.sync: Remaining test codes: ['VISUAL_INSPECTION', 'CONNECTIVITY']
2025-04-17 14:12:24,806 [INFO] local.sync: updated component test VISUAL_INSPECTION with run number 1 for component 20UPIPG1400059
2025-04-17 14:12:24,985 [INFO] local.sync: updated component test CONNECTIVITY with run number 1 for component 20UPIPG1400059
2025-04-17 14:12:24,985 [INFO] local.sync: Updated component: 20UPIPG1400059
2025-04-17 14:12:25,577 [INFO] local.sync: Remaining test codes: ['VISUAL_INSPECTION', 'CONNECTIVITY']
2025-04-17 14:12:25,756 [INFO] local.sync: updated component test VISUAL_INSPECTION with run number 1 for component 20UPIPG1400026
2025-04-17 14:12:25,931 [INFO] local.sync: updated component test CONNECTIVITY with run number 1 for component 20UPIPG1400026
2025-04-17 14:12:25,931 [INFO] local.sync: Updated component: 20UPIPG1400026
2025-04-17 14:12:26,512 [INFO] local.sync: Remaining test codes: ['VISUAL_INSPECTION', 'CONNECTIVITY']
2025-04-17 14:12:26,690 [INFO] local.sync: updated component test VISUAL_INSPECTION with run number 1 for component 20UPIPG1400058
2025-04-17 14:12:26,863 [INFO] local.sync: updated component test CONNECTIVITY with run number 1 for component 20UPIPG1400058
2025-04-17 14:12:26,863 [INFO] local.sync: Updated component: 20UPIPG1400058
2025-04-17 14:12:27,410 [INFO] local.sync: Remaining test codes: ['VISUAL_INSPECTION', 'CONNECTIVITY']
2025-04-17 14:12:27,585 [INFO] local.sync: updated component test VISUAL_INSPECTION with run number 1 for component 20UPIPG1400029
2025-04-17 14:12:27,762 [INFO] local.sync: updated component test CONNECTIVITY with run number 1 for component 20UPIPG1400029
2025-04-17 14:12:27,762 [INFO] local.sync: Updated component: 20UPIPG1400029
2025-04-17 14:12:28,326 [INFO] local.sync: Remaining test codes: ['VISUAL_INSPECTION', 'CONNECTIVITY']
2025-04-17 14:12:28,506 [INFO] local.sync: updated component test VISUAL_INSPECTION with run number 1 for component 20UPIPG1400041
2025-04-17 14:12:28,682 [INFO] local.sync: updated component test CONNECTIVITY with run number 1 for component 20UPIPG1400041
2025-04-17 14:12:28,682 [INFO] local.sync: Updated component: 20UPIPG1400041
2025-04-17 14:12:29,304 [INFO] local.sync: Remaining test codes: ['VISUAL_INSPECTION', 'CONNECTIVITY']
2025-04-17 14:12:29,534 [INFO] local.sync: updated component test VISUAL_INSPECTION with run number 1 for component 20UPIPG1400043
2025-04-17 14:12:29,777 [INFO] local.sync: updated component test CONNECTIVITY with run number 1 for component 20UPIPG1400043
2025-04-17 14:12:29,777 [INFO] local.sync: Updated component: 20UPIPG1400043
2025-04-17 14:12:30,482 [INFO] local.sync: Remaining test codes: ['VISUAL_INSPECTION', 'CONNECTIVITY']
2025-04-17 14:12:30,702 [INFO] local.sync: updated component test VISUAL_INSPECTION with run number 1 for component 20UPIPG1400061
2025-04-17 14:12:30,925 [INFO] local.sync: updated component test CONNECTIVITY with run number 1 for component 20UPIPG1400061
2025-04-17 14:12:30,925 [INFO] local.sync: Updated component: 20UPIPG1400061
